[debug] [2026-07-13T16:43:55.504Z] ----------------------------------------------------------------------
[debug] [2026-07-13T16:43:55.505Z] Command:       /opt/homebrew/Cellar/node/25.2.1/bin/node /Users/shazifadam/.npm-global/bin/firebase projects:list
[debug] [2026-07-13T16:43:55.506Z] CLI Version:   15.13.0
[debug] [2026-07-13T16:43:55.506Z] Platform:      darwin
[debug] [2026-07-13T16:43:55.506Z] Node Version:  v25.2.1
[debug] [2026-07-13T16:43:55.506Z] Time:          Mon Jul 13 2026 21:43:55 GMT+0500 (Maldives Time)
[debug] [2026-07-13T16:43:55.506Z] ----------------------------------------------------------------------
[debug] 
[debug] [2026-07-13T16:43:55.509Z] > command requires scopes: ["email","openid","https://www.googleapis.com/auth/cloudplatformprojects.readonly","https://www.googleapis.com/auth/firebase","https://www.googleapis.com/auth/cloud-platform"]
[debug] [2026-07-13T16:43:55.509Z] > authorizing via signed-in user (shazif@encrea.com)
[debug] [2026-07-13T16:43:55.511Z] Checked if tokens are valid: false, expires at: 1781678039587
[debug] [2026-07-13T16:43:55.511Z] Checked if tokens are valid: false, expires at: 1781678039587
[debug] [2026-07-13T16:43:55.511Z] > refreshing access token with scopes: []
[debug] [2026-07-13T16:43:55.512Z] >>> [apiv2][query] POST https://www.googleapis.com/oauth2/v3/token [none]
[debug] [2026-07-13T16:43:55.512Z] >>> [apiv2][body] POST https://www.googleapis.com/oauth2/v3/token [omitted]
[debug] [2026-07-13T16:43:55.817Z] <<< [apiv2][status] POST https://www.googleapis.com/oauth2/v3/token 400
[debug] [2026-07-13T16:43:55.817Z] <<< [apiv2][body] POST https://www.googleapis.com/oauth2/v3/token [omitted]
[error] Authentication Error: Your credentials are no longer valid. Please run firebase login --reauth

For CI servers and headless environments, generate a new token with firebase login:ci
[error] Authentication Error: Your credentials are no longer valid. Please run firebase login --reauth

For CI servers and headless environments, generate a new token with firebase login:ci
[debug] [2026-07-13T16:43:55.818Z] Authentication Error: Your credentials are no longer valid. Please run firebase login --reauth

For CI servers and headless environments, generate a new token with firebase login:ci
[debug] [2026-07-13T16:43:56.044Z] FirebaseError: Authentication Error: Your credentials are no longer valid. Please run firebase login --reauth

For CI servers and headless environments, generate a new token with firebase login:ci
    at invalidCredentialError (/Users/shazifadam/.npm-global/lib/node_modules/firebase-tools/lib/auth.js:177:12)
    at refreshTokens (/Users/shazifadam/.npm-global/lib/node_modules/firebase-tools/lib/auth.js:590:15)
    at process.processTicksAndRejections (node:internal/process/task_queues:103:5)
    at async getAccessToken (/Users/shazifadam/.npm-global/lib/node_modules/firebase-tools/lib/apiv2.js:52:18)
    at async Client.addAuthHeader (/Users/shazifadam/.npm-global/lib/node_modules/firebase-tools/lib/apiv2.js:182:21)
    at async Client.request (/Users/shazifadam/.npm-global/lib/node_modules/firebase-tools/lib/apiv2.js:129:34)
    at async getProjectPage (/Users/shazifadam/.npm-global/lib/node_modules/firebase-tools/lib/management/projects.js:287:17)
    at async getFirebaseProjectPage (/Users/shazifadam/.npm-global/lib/node_modules/firebase-tools/lib/management/projects.js:304:23)
    at async listFirebaseProjects (/Users/shazifadam/.npm-global/lib/node_modules/firebase-tools/lib/management/projects.js:333:29)
    at async Command.actionFn (/Users/shazifadam/.npm-global/lib/node_modules/firebase-tools/lib/commands/projects-list.js:51:20)
[error] 
[error] Error: Failed to list Firebase projects. See firebase-debug.log for more info.
